<?xml version="1.0" encoding="UTF-8"?>
<!-- Generated by org.testng.reporters.JUnitXMLReporter -->
<testsuite hostname="Chanchals-Mac-mini.local" ignored="6" name="Method Test Cases" tests="4" failures="0" timestamp="25 Jan 2019 12:00:02 GMT" time="20.085" errors="0">
  <testcase name="@BeforeClass LaunchBrowser" time="0.0" classname="Base.Capabilities">
    <failure type="org.openqa.selenium.NoSuchSessionException" message="Session ID is null. Using WebDriver after calling quit()?
Build info: version: &amp;apos;3.11.0&amp;apos;, revision: &amp;apos;e59cfb3&amp;apos;, time: &amp;apos;2018-03-11T20:26:55.152Z&amp;apos;
System info: host: &amp;apos;Chanchals-Mac-mini.local&amp;apos;, ip: &amp;apos;fe80:0:0:0:46c:39c8:1f3:32e9%en0&amp;apos;, os.name: &amp;apos;Mac OS X&amp;apos;, os.arch: &amp;apos;x86_64&amp;apos;, os.version: &amp;apos;10.14.2&amp;apos;, java.version: &amp;apos;1.8.0_191&amp;apos;
Driver info: driver.version: RemoteWebDriver">
      <![CDATA[org.openqa.selenium.NoSuchSessionException: Session ID is null. Using WebDriver after calling quit()?
Build info: version: '3.11.0', revision: 'e59cfb3', time: '2018-03-11T20:26:55.152Z'
System info: host: 'Chanchals-Mac-mini.local', ip: 'fe80:0:0:0:46c:39c8:1f3:32e9%en0', os.name: 'Mac OS X', os.arch: 'x86_64', os.version: '10.14.2', java.version: '1.8.0_191'
Driver info: driver.version: RemoteWebDriver
	at org.openqa.selenium.remote.HttpCommandExecutor.execute(HttpCommandExecutor.java:125)
	at org.openqa.selenium.remote.service.DriverCommandExecutor.execute(DriverCommandExecutor.java:83)
	at org.openqa.selenium.remote.RemoteWebDriver.execute(RemoteWebDriver.java:545)
	at org.openqa.selenium.remote.RemoteWebDriver.get(RemoteWebDriver.java:273)
	at Base.Capabilities.LaunchBrowser(Capabilities.java:39)
... Removed 25 stack frames]]>
    </failure>
  </testcase> <!-- @BeforeClass LaunchBrowser -->
  <testcase name="@AfterClass closeApplication" time="0.0" classname="Base.Capabilities">
    <skipped/>
  </testcase> <!-- @AfterClass closeApplication -->
  <testcase name="@BeforeClass LaunchBrowser" time="0.0" classname="Base.Capabilities">
    <skipped/>
  </testcase> <!-- @BeforeClass LaunchBrowser -->
  <testcase name="@AfterClass closeApplication" time="0.0" classname="Base.Capabilities">
    <skipped/>
  </testcase> <!-- @AfterClass closeApplication -->
  <testcase name="@BeforeClass LaunchBrowser" time="0.0" classname="Base.Capabilities">
    <skipped/>
  </testcase> <!-- @BeforeClass LaunchBrowser -->
  <testcase name="@AfterClass closeApplication" time="0.0" classname="Base.Capabilities">
    <skipped/>
  </testcase> <!-- @AfterClass closeApplication -->
  <testcase name="@AfterTest flush" time="0.0" classname="Base.Capabilities">
    <skipped/>
  </testcase> <!-- @AfterTest flush -->
  <testcase name="validLogin" time="8.272" classname="project.Login2"/>
  <testcase name="AddClaim" time="0.003" classname="project.AddClaim3">
    <skipped/>
  </testcase> <!-- AddClaim -->
  <testcase name="verifyMembershiptext" time="0.002" classname="project.VerifyMembershipText4">
    <skipped/>
  </testcase> <!-- verifyMembershiptext -->
  <testcase name="locateProvider" time="0.002" classname="project.LocateProvider5">
    <skipped/>
  </testcase> <!-- locateProvider -->
  <testcase name="@AfterTest flush" time="0.0" classname="Base.Capabilities">
    <ignored/>
  </testcase> <!-- @AfterTest flush -->
  <testcase name="@AfterTest flush" time="0.0" classname="Base.Capabilities">
    <ignored/>
  </testcase> <!-- @AfterTest flush -->
  <testcase name="@AfterTest flush" time="0.0" classname="Base.Capabilities">
    <ignored/>
  </testcase> <!-- @AfterTest flush -->
  <testcase name="@BeforeTest createReport" time="0.0" classname="Base.Capabilities">
    <ignored/>
  </testcase> <!-- @BeforeTest createReport -->
  <testcase name="@BeforeTest createReport" time="0.0" classname="Base.Capabilities">
    <ignored/>
  </testcase> <!-- @BeforeTest createReport -->
  <testcase name="@BeforeTest createReport" time="0.0" classname="Base.Capabilities">
    <ignored/>
  </testcase> <!-- @BeforeTest createReport -->
</testsuite> <!-- Method Test Cases -->
