<?xml version="1.0" encoding="UTF-8"?>
<!-- Generated by org.testng.reporters.JUnitXMLReporter -->
<testsuite hostname="riya-Latitude-3400" ignored="0" name="Default test" tests="7" failures="0" timestamp="01 Apr 2020 06:33:08 GMT" time="0.052" errors="0">
  <testcase name="@BeforeSuite LaunchBrowser" time="0.0" classname="Base.WebCapabilities">
    <failure type="java.lang.NullPointerException">
      <![CDATA[java.lang.NullPointerException
	at Base.WebCapabilities.LaunchBrowser(WebCapabilities.java:64)
	at sun.reflect.NativeMethodAccessorImpl.invoke0(Native Method)
	at sun.reflect.NativeMethodAccessorImpl.invoke(NativeMethodAccessorImpl.java:62)
	at sun.reflect.DelegatingMethodAccessorImpl.invoke(DelegatingMethodAccessorImpl.java:43)
	at java.lang.reflect.Method.invoke(Method.java:498)
	at org.testng.internal.MethodInvocationHelper.invokeMethod(MethodInvocationHelper.java:104)
	at org.testng.internal.Invoker.invokeConfigurationMethod(Invoker.java:515)
	at org.testng.internal.Invoker.invokeConfigurations(Invoker.java:217)
	at org.testng.internal.Invoker.invokeConfigurations(Invoker.java:144)
	at org.testng.SuiteRunner.privateRun(SuiteRunner.java:326)
	at org.testng.SuiteRunner.run(SuiteRunner.java:289)
	at org.testng.SuiteRunnerWorker.runSuite(SuiteRunnerWorker.java:52)
	at org.testng.SuiteRunnerWorker.run(SuiteRunnerWorker.java:86)
	at org.testng.TestNG.runSuitesSequentially(TestNG.java:1293)
	at org.testng.TestNG.runSuitesLocally(TestNG.java:1218)
	at org.testng.TestNG.runSuites(TestNG.java:1133)
	at org.testng.TestNG.run(TestNG.java:1104)
	at org.testng.remote.AbstractRemoteTestNG.run(AbstractRemoteTestNG.java:115)
	at org.testng.remote.RemoteTestNG.initAndRun(RemoteTestNG.java:251)
	at org.testng.remote.RemoteTestNG.main(RemoteTestNG.java:77)
]]>
    </failure>
  </testcase> <!-- @BeforeSuite LaunchBrowser -->
  <testcase name="@BeforeTest createReport" time="0.0" classname="Base.WebCapabilities">
    <skipped/>
  </testcase> <!-- @BeforeTest createReport -->
  <testcase name="@BeforeClass downloadNext" time="0.0" classname="webautomation.DownloadsNegative">
    <skipped/>
  </testcase> <!-- @BeforeClass downloadNext -->
  <testcase name="@AfterTest flush" time="0.0" classname="Base.WebCapabilities">
    <skipped/>
  </testcase> <!-- @AfterTest flush -->
  <testcase name="NegativeCountry" time="0.0" classname="webautomation.DownloadsNegative">
    <skipped/>
  </testcase> <!-- NegativeCountry -->
  <testcase name="NegativeLastName" time="0.0" classname="webautomation.DownloadsNegative">
    <skipped/>
  </testcase> <!-- NegativeLastName -->
  <testcase name="NegativePhoneNumber" time="0.0" classname="webautomation.DownloadsNegative">
    <skipped/>
  </testcase> <!-- NegativePhoneNumber -->
  <testcase name="NegativeEmail" time="0.0" classname="webautomation.DownloadsNegative">
    <skipped/>
  </testcase> <!-- NegativeEmail -->
  <testcase name="NegativeCompany" time="0.0" classname="webautomation.DownloadsNegative">
    <skipped/>
  </testcase> <!-- NegativeCompany -->
  <testcase name="NegativeJobTitle" time="0.0" classname="webautomation.DownloadsNegative">
    <skipped/>
  </testcase> <!-- NegativeJobTitle -->
  <testcase name="NegativeFirstName" time="0.0" classname="webautomation.DownloadsNegative">
    <skipped/>
  </testcase> <!-- NegativeFirstName -->
</testsuite> <!-- Default test -->
