<?xml version="1.0" encoding="UTF-8"?>
<!-- Generated by org.testng.reporters.JUnitXMLReporter -->
<testsuite ignored="0" hostname="mamta-Latitude-3400" failures="0" tests="1" name="Default test" time="1.142" errors="0" timestamp="2021-02-22T11:41:03 EST">
  <testcase classname="com.algoworks.contactUs.PageObjects.BaseClass" name="@BeforeMethod onTestStart" time="-1.61401206308E9">
    <failure type="org.testng.TestNGException" message="
Parameter &amp;apos;browser&amp;apos; is required by BeforeMethod on method onTestStart but has not been marked @Optional or defined
in /tmp/testng-eclipse--1643951329/testng-customsuite.xml">
      <![CDATA[org.testng.TestNGException: 
Parameter 'browser' is required by BeforeMethod on method onTestStart but has not been marked @Optional or defined
in /tmp/testng-eclipse--1643951329/testng-customsuite.xml
at org.testng.internal.Parameters.createParams(Parameters.java:272)
at org.testng.internal.Parameters.createParametersForMethod(Parameters.java:360)
at org.testng.internal.Parameters.createParameters(Parameters.java:704)
at org.testng.internal.Parameters.createConfigurationParameters(Parameters.java:166)
at org.testng.internal.ConfigInvoker.invokeConfigurations(ConfigInvoker.java:283)
at org.testng.internal.TestInvoker.runConfigMethods(TestInvoker.java:695)
at org.testng.internal.TestInvoker.invokeMethod(TestInvoker.java:523)
at org.testng.internal.TestInvoker.invokeTestMethod(TestInvoker.java:173)
at org.testng.internal.MethodRunner.runInSequence(MethodRunner.java:46)
at org.testng.internal.TestInvoker$MethodInvocationAgent.invoke(TestInvoker.java:816)
at org.testng.internal.TestInvoker.invokeTestMethods(TestInvoker.java:146)
at org.testng.internal.TestMethodWorker.invokeTestMethods(TestMethodWorker.java:146)
at org.testng.internal.TestMethodWorker.run(TestMethodWorker.java:128)
at java.base/java.util.ArrayList.forEach(ArrayList.java:1541)
at org.testng.TestRunner.privateRun(TestRunner.java:766)
at org.testng.TestRunner.run(TestRunner.java:587)
at org.testng.SuiteRunner.runTest(SuiteRunner.java:384)
at org.testng.SuiteRunner.runSequentially(SuiteRunner.java:378)
at org.testng.SuiteRunner.privateRun(SuiteRunner.java:337)
at org.testng.SuiteRunner.run(SuiteRunner.java:286)
at org.testng.SuiteRunnerWorker.runSuite(SuiteRunnerWorker.java:53)
at org.testng.SuiteRunnerWorker.run(SuiteRunnerWorker.java:96)
at org.testng.TestNG.runSuitesSequentially(TestNG.java:1187)
at org.testng.TestNG.runSuitesLocally(TestNG.java:1109)
at org.testng.TestNG.runSuites(TestNG.java:1039)
at org.testng.TestNG.run(TestNG.java:1007)
at org.testng.remote.AbstractRemoteTestNG.run(AbstractRemoteTestNG.java:115)
at org.testng.remote.RemoteTestNG.initAndRun(RemoteTestNG.java:251)
at org.testng.remote.RemoteTestNG.main(RemoteTestNG.java:77)
]]>
    </failure>
  </testcase> <!-- @BeforeMethod onTestStart -->
  <testcase classname="com.algoworks.contactUs.PageObjects.BaseClass" name="@AfterMethod onTestFailure" time="-1.614012063103E9">
    <skipped/>
  </testcase> <!-- @AfterMethod onTestFailure -->
  <testcase classname="com.algoworks.contactUs.PageObjects.BaseClass" name="@AfterMethod onTestSkip" time="-1.614012063105E9">
    <skipped/>
  </testcase> <!-- @AfterMethod onTestSkip -->
  <testcase classname="com.algoworks.contactUs.PageObjects.BaseClass" name="@AfterMethod onTestSuccess" time="-1.614012063108E9">
    <skipped/>
  </testcase> <!-- @AfterMethod onTestSuccess -->
  <testcase classname="com.algoworks.contactUs.TestClass.ContactForm" name="contactForm" time="0.0">
    <skipped/>
  </testcase> <!-- contactForm -->
</testsuite> <!-- Default test -->
