<?xml version="1.0" encoding="UTF-8"?>
<!-- Generated by org.testng.reporters.JUnitXMLReporter -->
<testsuite ignored="0" hostname="mamta-Latitude-3400" failures="0" tests="6" name="chrome" time="9.85" errors="0" timestamp="2021-03-22T16:24:22 EDT">
  <testcase classname="com.algoworks.contactUs.PageObjects.BaseClass" name="@BeforeMethod onTestStart" time="-1.616444661909E9">
    <skipped/>
  </testcase> <!-- @BeforeMethod onTestStart -->
  <testcase classname="com.algoworks.contactUs.PageObjects.BaseClass" name="@AfterMethod onTestFailure" time="-1.616444661952E9">
    <skipped/>
  </testcase> <!-- @AfterMethod onTestFailure -->
  <testcase classname="com.algoworks.contactUs.PageObjects.BaseClass" name="@AfterMethod onTestSkip" time="-1.616444661956E9">
    <skipped/>
  </testcase> <!-- @AfterMethod onTestSkip -->
  <testcase classname="com.algoworks.contactUs.PageObjects.BaseClass" name="@AfterMethod onTestSuccess" time="-1.61644466196E9">
    <skipped/>
  </testcase> <!-- @AfterMethod onTestSuccess -->
  <testcase classname="com.algoworks.contactUs.PageObjects.BaseClass" name="@BeforeMethod onTestStart" time="-1.616444661964E9">
    <skipped/>
  </testcase> <!-- @BeforeMethod onTestStart -->
  <testcase classname="com.algoworks.contactUs.PageObjects.BaseClass" name="@AfterMethod onTestFailure" time="-1.616444662007E9">
    <skipped/>
  </testcase> <!-- @AfterMethod onTestFailure -->
  <testcase classname="com.algoworks.contactUs.PageObjects.BaseClass" name="@AfterMethod onTestSkip" time="-1.616444662011E9">
    <skipped/>
  </testcase> <!-- @AfterMethod onTestSkip -->
  <testcase classname="com.algoworks.contactUs.PageObjects.BaseClass" name="@AfterMethod onTestSuccess" time="-1.616444662015E9">
    <skipped/>
  </testcase> <!-- @AfterMethod onTestSuccess -->
  <testcase classname="com.algoworks.contactUs.PageObjects.BaseClass" name="@BeforeMethod onTestStart" time="-1.61644466202E9">
    <skipped/>
  </testcase> <!-- @BeforeMethod onTestStart -->
  <testcase classname="com.algoworks.contactUs.PageObjects.BaseClass" name="@AfterMethod onTestFailure" time="-1.616444662062E9">
    <skipped/>
  </testcase> <!-- @AfterMethod onTestFailure -->
  <testcase classname="com.algoworks.contactUs.PageObjects.BaseClass" name="@AfterMethod onTestSkip" time="-1.616444662066E9">
    <skipped/>
  </testcase> <!-- @AfterMethod onTestSkip -->
  <testcase classname="com.algoworks.contactUs.PageObjects.BaseClass" name="@AfterMethod onTestSuccess" time="-1.61644466207E9">
    <skipped/>
  </testcase> <!-- @AfterMethod onTestSuccess -->
  <testcase classname="com.algoworks.contactUs.PageObjects.BaseClass" name="@BeforeMethod onTestStart" time="-1.616444662074E9">
    <skipped/>
  </testcase> <!-- @BeforeMethod onTestStart -->
  <testcase classname="com.algoworks.contactUs.PageObjects.BaseClass" name="@AfterMethod onTestFailure" time="-1.616444662118E9">
    <skipped/>
  </testcase> <!-- @AfterMethod onTestFailure -->
  <testcase classname="com.algoworks.contactUs.PageObjects.BaseClass" name="@AfterMethod onTestSkip" time="-1.616444662121E9">
    <skipped/>
  </testcase> <!-- @AfterMethod onTestSkip -->
  <testcase classname="com.algoworks.contactUs.PageObjects.BaseClass" name="@AfterMethod onTestSuccess" time="-1.616444662125E9">
    <skipped/>
  </testcase> <!-- @AfterMethod onTestSuccess -->
  <testcase classname="com.algoworks.contactUs.PageObjects.BaseClass" name="@BeforeMethod onTestStart" time="-1.61644466213E9">
    <skipped/>
  </testcase> <!-- @BeforeMethod onTestStart -->
  <testcase classname="com.algoworks.contactUs.PageObjects.BaseClass" name="@AfterMethod onTestFailure" time="-1.616444662172E9">
    <skipped/>
  </testcase> <!-- @AfterMethod onTestFailure -->
  <testcase classname="com.algoworks.contactUs.PageObjects.BaseClass" name="@AfterMethod onTestSkip" time="-1.616444662176E9">
    <skipped/>
  </testcase> <!-- @AfterMethod onTestSkip -->
  <testcase classname="com.algoworks.contactUs.PageObjects.BaseClass" name="@AfterMethod onTestSuccess" time="-1.616444662179E9">
    <skipped/>
  </testcase> <!-- @AfterMethod onTestSuccess -->
  <testcase classname="com.algoworks.contactUs.PageObjects.BaseClass" name="@BeforeMethod onTestStart" time="-1.616444662184E9">
    <skipped/>
  </testcase> <!-- @BeforeMethod onTestStart -->
  <testcase classname="com.algoworks.contactUs.PageObjects.BaseClass" name="@AfterMethod onTestFailure" time="-1.616444662228E9">
    <skipped/>
  </testcase> <!-- @AfterMethod onTestFailure -->
  <testcase classname="com.algoworks.contactUs.PageObjects.BaseClass" name="@AfterMethod onTestSkip" time="-1.616444662231E9">
    <skipped/>
  </testcase> <!-- @AfterMethod onTestSkip -->
  <testcase classname="com.algoworks.contactUs.PageObjects.BaseClass" name="@AfterMethod onTestSuccess" time="-1.616444662235E9">
    <skipped/>
  </testcase> <!-- @AfterMethod onTestSuccess -->
  <testcase classname="com.algoworks.contactUs.TestClass.ContactForm" name="varContactForm" time="0.0">
    <skipped/>
  </testcase> <!-- varContactForm -->
  <testcase classname="com.algoworks.contactUs.TestClass.ContactForm" name="varContactForm" time="0.0">
    <skipped/>
  </testcase> <!-- varContactForm -->
  <testcase classname="com.algoworks.contactUs.TestClass.ContactForm" name="varContactForm" time="0.0">
    <skipped/>
  </testcase> <!-- varContactForm -->
  <testcase classname="com.algoworks.contactUs.TestClass.ContactForm" name="varContactForm" time="0.0">
    <skipped/>
  </testcase> <!-- varContactForm -->
  <testcase classname="com.algoworks.contactUs.TestClass.ContactForm" name="varContactForm" time="0.0">
    <skipped/>
  </testcase> <!-- varContactForm -->
  <testcase classname="com.algoworks.contactUs.TestClass.ContactForm" name="varContactForm" time="0.0">
    <skipped/>
  </testcase> <!-- varContactForm -->
</testsuite> <!-- chrome -->
