<?xml version="1.0" encoding="UTF-8"?>
<!-- Generated by org.testng.reporters.JUnitXMLReporter -->
<testsuite ignored="8" hostname="mamta-Latitude-3400" failures="0" tests="3" name="Testcases" time="1104.369" errors="0" timestamp="01 Apr 2021 17:35:53 GMT">
  <testcase classname="webautomation.Downloads" name="downloads" time="816.781"/>
  <testcase classname="webautomation.ContactForm" name="contactform" time="44.946"/>
  <testcase classname="webautomation.linkpageflow" name="firsturl" time="232.533"/>
  <testcase classname="Base.WebCapabilities" name="@AfterSuite closeApplication" time="0.0">
    <ignored/>
  </testcase> <!-- @AfterSuite closeApplication -->
  <testcase classname="Base.WebCapabilities" name="@AfterSuite closeApplication" time="0.0">
    <ignored/>
  </testcase> <!-- @AfterSuite closeApplication -->
  <testcase classname="Base.WebCapabilities" name="@BeforeTest createReport" time="0.0">
    <ignored/>
  </testcase> <!-- @BeforeTest createReport -->
  <testcase classname="Base.WebCapabilities" name="@BeforeTest createReport" time="0.0">
    <ignored/>
  </testcase> <!-- @BeforeTest createReport -->
  <testcase classname="Base.WebCapabilities" name="@BeforeSuite LaunchBrowser" time="0.0">
    <ignored/>
  </testcase> <!-- @BeforeSuite LaunchBrowser -->
  <testcase classname="Base.WebCapabilities" name="@BeforeSuite LaunchBrowser" time="0.0">
    <ignored/>
  </testcase> <!-- @BeforeSuite LaunchBrowser -->
  <testcase classname="Base.WebCapabilities" name="@AfterTest flush" time="0.0">
    <ignored/>
  </testcase> <!-- @AfterTest flush -->
  <testcase classname="Base.WebCapabilities" name="@AfterTest flush" time="0.0">
    <ignored/>
  </testcase> <!-- @AfterTest flush -->
</testsuite> <!-- Testcases -->
