<?xml version="1.0" encoding="UTF-8"?>
<!-- Generated by org.testng.reporters.JUnitXMLReporter -->
<testsuite ignored="0" hostname="mamta-Latitude-3400" failures="0" tests="5" name="Test" time="0.623" errors="0" timestamp="2021-02-22T15:55:43 EST">
  <testcase classname="com.algoworks.contactUs.PageObjects.BaseClass" name="@BeforeMethod onTestStart" time="0.037">
    <failure type="java.lang.IllegalStateException" message="The path to the driver executable must be set by the webdriver.gecko.driver system property; for more information, see https://github.com/mozilla/geckodriver. The latest version can be downloaded from https://github.com/mozilla/geckodriver/releases">
      <![CDATA[java.lang.IllegalStateException: The path to the driver executable must be set by the webdriver.gecko.driver system property; for more information, see https://github.com/mozilla/geckodriver. The latest version can be downloaded from https://github.com/mozilla/geckodriver/releases
at com.google.common.base.Preconditions.checkState(Preconditions.java:847)
at org.openqa.selenium.remote.service.DriverService.findExecutable(DriverService.java:134)
at org.openqa.selenium.firefox.GeckoDriverService.access$100(GeckoDriverService.java:44)
at org.openqa.selenium.firefox.GeckoDriverService$Builder.findDefaultExecutable(GeckoDriverService.java:167)
at org.openqa.selenium.remote.service.DriverService$Builder.build(DriverService.java:355)
at org.openqa.selenium.firefox.FirefoxDriver.toExecutor(FirefoxDriver.java:190)
at org.openqa.selenium.firefox.FirefoxDriver.<init>(FirefoxDriver.java:147)
at org.openqa.selenium.firefox.FirefoxDriver.<init>(FirefoxDriver.java:125)
at com.algoworks.contactUs.PageObjects.BaseClass.onTestStart(BaseClass.java:79)
at java.base/java.util.ArrayList.forEach(ArrayList.java:1541)
at java.base/java.util.concurrent.FutureTask.run(FutureTask.java:264)
at java.base/java.util.concurrent.ThreadPoolExecutor.runWorker(ThreadPoolExecutor.java:1128)
at java.base/java.util.concurrent.ThreadPoolExecutor$Worker.run(ThreadPoolExecutor.java:628)
at java.base/java.lang.Thread.run(Thread.java:834)
... Removed 22 stack frames]]>
    </failure>
  </testcase> <!-- @BeforeMethod onTestStart -->
  <testcase classname="com.algoworks.contactUs.PageObjects.BaseClass" name="@AfterMethod onTestFailure" time="-1.614027342638E9">
    <skipped/>
  </testcase> <!-- @AfterMethod onTestFailure -->
  <testcase classname="com.algoworks.contactUs.PageObjects.BaseClass" name="@AfterMethod onTestSkip" time="-1.614027342639E9">
    <skipped/>
  </testcase> <!-- @AfterMethod onTestSkip -->
  <testcase classname="com.algoworks.contactUs.PageObjects.BaseClass" name="@AfterMethod onTestSuccess" time="-1.61402734264E9">
    <skipped/>
  </testcase> <!-- @AfterMethod onTestSuccess -->
  <testcase classname="com.algoworks.contactUs.PageObjects.BaseClass" name="@BeforeMethod onTestStart" time="-1.614027343108E9">
    <skipped/>
  </testcase> <!-- @BeforeMethod onTestStart -->
  <testcase classname="com.algoworks.contactUs.PageObjects.BaseClass" name="@AfterMethod onTestFailure" time="-1.614027343112E9">
    <skipped/>
  </testcase> <!-- @AfterMethod onTestFailure -->
  <testcase classname="com.algoworks.contactUs.PageObjects.BaseClass" name="@AfterMethod onTestSkip" time="-1.614027343112E9">
    <skipped/>
  </testcase> <!-- @AfterMethod onTestSkip -->
  <testcase classname="com.algoworks.contactUs.PageObjects.BaseClass" name="@AfterMethod onTestSuccess" time="-1.614027343113E9">
    <skipped/>
  </testcase> <!-- @AfterMethod onTestSuccess -->
  <testcase classname="com.algoworks.contactUs.PageObjects.BaseClass" name="@BeforeMethod onTestStart" time="-1.614027343114E9">
    <skipped/>
  </testcase> <!-- @BeforeMethod onTestStart -->
  <testcase classname="com.algoworks.contactUs.PageObjects.BaseClass" name="@AfterMethod onTestFailure" time="-1.614027343117E9">
    <skipped/>
  </testcase> <!-- @AfterMethod onTestFailure -->
  <testcase classname="com.algoworks.contactUs.PageObjects.BaseClass" name="@AfterMethod onTestSkip" time="-1.614027343117E9">
    <skipped/>
  </testcase> <!-- @AfterMethod onTestSkip -->
  <testcase classname="com.algoworks.contactUs.PageObjects.BaseClass" name="@AfterMethod onTestSuccess" time="-1.614027343118E9">
    <skipped/>
  </testcase> <!-- @AfterMethod onTestSuccess -->
  <testcase classname="com.algoworks.contactUs.PageObjects.BaseClass" name="@BeforeMethod onTestStart" time="-1.614027343119E9">
    <skipped/>
  </testcase> <!-- @BeforeMethod onTestStart -->
  <testcase classname="com.algoworks.contactUs.PageObjects.BaseClass" name="@AfterMethod onTestFailure" time="-1.614027343122E9">
    <skipped/>
  </testcase> <!-- @AfterMethod onTestFailure -->
  <testcase classname="com.algoworks.contactUs.PageObjects.BaseClass" name="@AfterMethod onTestSkip" time="-1.614027343122E9">
    <skipped/>
  </testcase> <!-- @AfterMethod onTestSkip -->
  <testcase classname="com.algoworks.contactUs.PageObjects.BaseClass" name="@AfterMethod onTestSuccess" time="-1.614027343123E9">
    <skipped/>
  </testcase> <!-- @AfterMethod onTestSuccess -->
  <testcase classname="com.algoworks.contactUs.PageObjects.BaseClass" name="@BeforeMethod onTestStart" time="-1.614027343188E9">
    <skipped/>
  </testcase> <!-- @BeforeMethod onTestStart -->
  <testcase classname="com.algoworks.contactUs.PageObjects.BaseClass" name="@AfterMethod onTestFailure" time="-1.614027343191E9">
    <skipped/>
  </testcase> <!-- @AfterMethod onTestFailure -->
  <testcase classname="com.algoworks.contactUs.PageObjects.BaseClass" name="@AfterMethod onTestSkip" time="-1.614027343192E9">
    <skipped/>
  </testcase> <!-- @AfterMethod onTestSkip -->
  <testcase classname="com.algoworks.contactUs.PageObjects.BaseClass" name="@AfterMethod onTestSuccess" time="-1.614027343193E9">
    <skipped/>
  </testcase> <!-- @AfterMethod onTestSuccess -->
  <testcase classname="com.algoworks.contactUs.TestClass.ContactForm" name="NewUserTesting" time="0.0">
    <skipped/>
  </testcase> <!-- NewUserTesting -->
  <testcase classname="com.algoworks.contactUs.TestClass.ContactForm" name="contactForm" time="0.0">
    <skipped/>
  </testcase> <!-- contactForm -->
  <testcase classname="com.algoworks.contactUs.TestClass.ContactForm" name="contactForm" time="0.0">
    <skipped/>
  </testcase> <!-- contactForm -->
  <testcase classname="com.algoworks.contactUs.TestClass.ContactForm" name="contactForm" time="0.0">
    <skipped/>
  </testcase> <!-- contactForm -->
  <testcase classname="com.algoworks.contactUs.TestClass.ContactForm" name="servicesContactForm" time="0.0">
    <skipped/>
  </testcase> <!-- servicesContactForm -->
</testsuite> <!-- Test -->
