<?xml version="1.0" encoding="UTF-8"?>
<!-- Generated by org.testng.reporters.JUnitXMLReporter -->
<testsuite hostname="chanchal" ignored="8" name="Testcases" tests="3" failures="0" timestamp="01 Feb 2019 07:24:25 GMT" time="108.252" errors="0">
  <testcase name="validLogin" time="21.232" classname="mobileautomation.Login"/>
  <testcase name="AddClaim" time="37.794" classname="mobileautomation.AddClaim"/>
  <testcase name="sumbitcomplaints" time="48.751" classname="mobileautomation.SumbitComplaints"/>
  <testcase name="@AfterTest flush" time="0.0" classname="Base.AndroidCapabilities">
    <ignored/>
  </testcase> <!-- @AfterTest flush -->
  <testcase name="@AfterTest flush" time="0.0" classname="Base.AndroidCapabilities">
    <ignored/>
  </testcase> <!-- @AfterTest flush -->
  <testcase name="@BeforeTest createReport" time="0.0" classname="Base.AndroidCapabilities">
    <ignored/>
  </testcase> <!-- @BeforeTest createReport -->
  <testcase name="@BeforeTest createReport" time="0.0" classname="Base.AndroidCapabilities">
    <ignored/>
  </testcase> <!-- @BeforeTest createReport -->
  <testcase name="@BeforeSuite setUp" time="0.0" classname="Base.AndroidCapabilities">
    <ignored/>
  </testcase> <!-- @BeforeSuite setUp -->
  <testcase name="@BeforeSuite setUp" time="0.0" classname="Base.AndroidCapabilities">
    <ignored/>
  </testcase> <!-- @BeforeSuite setUp -->
  <testcase name="@AfterSuite closeApplication" time="0.0" classname="Base.AndroidCapabilities">
    <ignored/>
  </testcase> <!-- @AfterSuite closeApplication -->
  <testcase name="@AfterSuite closeApplication" time="0.0" classname="Base.AndroidCapabilities">
    <ignored/>
  </testcase> <!-- @AfterSuite closeApplication -->
</testsuite> <!-- Testcases -->
