<?xml version="1.0" encoding="UTF-8"?>
<testng-results skipped="0" failed="0" ignored="20" total="26" passed="6">
  <reporter-output>
    <line>
      <![CDATA[===Session End===]]>
    </line>
  </reporter-output>
  <suite name="Suite" duration-ms="420732" started-at="2020-03-20T08:21:25Z" finished-at="2020-03-20T08:28:26Z">
    <groups>
    </groups>
    <test name="Testcases" duration-ms="420732" started-at="2020-03-20T08:21:25Z" finished-at="2020-03-20T08:28:26Z">
      <class name="webautomation.Server">
        <test-method status="PASS" signature="ServerNext()[pri:0, instance:webautomation.Server@1a968a59]" name="ServerNext" is-config="true" duration-ms="20016" started-at="2020-03-20T13:53:10Z" finished-at="2020-03-20T13:53:30Z">
          <reporter-output>
          </reporter-output>
        </test-method> <!-- ServerNext -->
        <test-method status="PASS" signature="server()[pri:0, instance:webautomation.Server@1a968a59]" name="server" duration-ms="29945" started-at="2020-03-20T13:53:30Z" finished-at="2020-03-20T13:54:00Z">
          <reporter-output>
          </reporter-output>
        </test-method> <!-- server -->
      </class> <!-- webautomation.Server -->
      <class name="webautomation.Downloads">
        <test-method status="PASS" signature="downloadNext()[pri:0, instance:webautomation.Downloads@548e7350]" name="downloadNext" is-config="true" duration-ms="6664" started-at="2020-03-20T13:52:31Z" finished-at="2020-03-20T13:52:38Z">
          <reporter-output>
          </reporter-output>
        </test-method> <!-- downloadNext -->
        <test-method status="PASS" signature="downloads()[pri:0, instance:webautomation.Downloads@548e7350]" name="downloads" duration-ms="32026" started-at="2020-03-20T13:52:38Z" finished-at="2020-03-20T13:53:10Z">
          <reporter-output>
          </reporter-output>
        </test-method> <!-- downloads -->
      </class> <!-- webautomation.Downloads -->
      <class name="webautomation.FormFilling">
        <test-method status="PASS" signature="validLogin()[pri:0, instance:webautomation.FormFilling@53b32d7]" name="validLogin" duration-ms="30389" started-at="2020-03-20T13:51:25Z" finished-at="2020-03-20T13:51:55Z">
          <reporter-output>
          </reporter-output>
        </test-method> <!-- validLogin -->
      </class> <!-- webautomation.FormFilling -->
      <class name="webautomation.Mobile">
        <test-method status="PASS" signature="mobileNext()[pri:0, instance:webautomation.Mobile@4667ae56]" name="mobileNext" is-config="true" duration-ms="8001" started-at="2020-03-20T13:54:00Z" finished-at="2020-03-20T13:54:08Z">
          <reporter-output>
          </reporter-output>
        </test-method> <!-- mobileNext -->
        <test-method status="PASS" signature="mobile()[pri:0, instance:webautomation.Mobile@4667ae56]" name="mobile" duration-ms="29283" started-at="2020-03-20T13:54:08Z" finished-at="2020-03-20T13:54:37Z">
          <reporter-output>
          </reporter-output>
        </test-method> <!-- mobile -->
      </class> <!-- webautomation.Mobile -->
      <class name="webautomation.linkpageflow">
        <test-method status="PASS" signature="LaunchBrowser(java.lang.String)[pri:0, instance:webautomation.linkpageflow@343f4d3d]" name="LaunchBrowser" is-config="true" duration-ms="7223" started-at="2020-03-20T13:51:18Z" finished-at="2020-03-20T13:51:25Z">
          <params>
            <param index="0">
              <value>
                <![CDATA[chrome]]>
              </value>
            </param>
          </params>
          <reporter-output>
          </reporter-output>
        </test-method> <!-- LaunchBrowser -->
        <test-method status="PASS" signature="createReport()[pri:0, instance:webautomation.linkpageflow@343f4d3d]" name="createReport" is-config="true" duration-ms="134" started-at="2020-03-20T13:51:25Z" finished-at="2020-03-20T13:51:25Z">
          <reporter-output>
          </reporter-output>
        </test-method> <!-- createReport -->
        <test-method status="PASS" signature="check()[pri:0, instance:webautomation.linkpageflow@343f4d3d]" name="check" is-config="true" duration-ms="6" started-at="2020-03-20T13:54:37Z" finished-at="2020-03-20T13:54:37Z">
          <reporter-output>
          </reporter-output>
        </test-method> <!-- check -->
        <test-method status="PASS" signature="firsturl()[pri:1, instance:webautomation.linkpageflow@343f4d3d]" name="firsturl" duration-ms="228592" started-at="2020-03-20T13:54:37Z" finished-at="2020-03-20T13:58:25Z">
          <reporter-output>
          </reporter-output>
        </test-method> <!-- firsturl -->
        <test-method status="PASS" signature="flush()[pri:0, instance:webautomation.linkpageflow@343f4d3d]" name="flush" is-config="true" duration-ms="175" started-at="2020-03-20T13:58:25Z" finished-at="2020-03-20T13:58:26Z">
          <reporter-output>
          </reporter-output>
        </test-method> <!-- flush -->
        <test-method status="PASS" signature="closeApplication()[pri:0, instance:webautomation.linkpageflow@343f4d3d]" name="closeApplication" is-config="true" duration-ms="133" started-at="2020-03-20T13:58:26Z" finished-at="2020-03-20T13:58:26Z">
          <reporter-output>
            <line>
              <![CDATA[===Session End===]]>
            </line>
          </reporter-output>
        </test-method> <!-- closeApplication -->
      </class> <!-- webautomation.linkpageflow -->
      <class name="webautomation.ContactForm">
        <test-method status="PASS" signature="init()[pri:0, instance:webautomation.ContactForm@5442a311]" name="init" is-config="true" duration-ms="3102" started-at="2020-03-20T13:51:55Z" finished-at="2020-03-20T13:51:59Z">
          <reporter-output>
          </reporter-output>
        </test-method> <!-- init -->
        <test-method status="PASS" signature="contactform()[pri:0, instance:webautomation.ContactForm@5442a311]" name="contactform" duration-ms="32362" started-at="2020-03-20T13:51:59Z" finished-at="2020-03-20T13:52:31Z">
          <reporter-output>
          </reporter-output>
        </test-method> <!-- contactform -->
      </class> <!-- webautomation.ContactForm -->
    </test> <!-- Testcases -->
  </suite> <!-- Suite -->
</testng-results>
