<?xml version="1.0" encoding="UTF-8"?>
<testng-results skipped="0" failed="0" ignored="0" total="1" passed="1">
  <reporter-output>
    <line>
      <![CDATA[===Session End===]]>
    </line>
  </reporter-output>
  <suite name="Suite" duration-ms="789429" started-at="2021-03-03T05:15:35Z" finished-at="2021-03-03T05:28:45Z">
    <groups>
    </groups>
    <test name="Testcases" duration-ms="789429" started-at="2021-03-03T05:15:35Z" finished-at="2021-03-03T05:28:45Z">
      <class name="webautomation.Downloads">
        <test-method status="PASS" signature="LaunchBrowser(java.lang.String)[pri:0, instance:webautomation.Downloads@7e9a5fbe]" name="LaunchBrowser" is-config="true" duration-ms="9891" started-at="2021-03-03T10:45:26Z" finished-at="2021-03-03T10:45:35Z">
          <params>
            <param index="0">
              <value>
                <![CDATA[Chrome]]>
              </value>
            </param>
          </params>
          <reporter-output>
          </reporter-output>
        </test-method> <!-- LaunchBrowser -->
        <test-method status="PASS" signature="createReport()[pri:0, instance:webautomation.Downloads@7e9a5fbe]" name="createReport" is-config="true" duration-ms="315" started-at="2021-03-03T10:45:35Z" finished-at="2021-03-03T10:45:36Z">
          <reporter-output>
          </reporter-output>
        </test-method> <!-- createReport -->
        <test-method status="PASS" signature="downloadNext()[pri:0, instance:webautomation.Downloads@7e9a5fbe]" name="downloadNext" is-config="true" duration-ms="12967" started-at="2021-03-03T10:45:36Z" finished-at="2021-03-03T10:45:49Z">
          <reporter-output>
          </reporter-output>
        </test-method> <!-- downloadNext -->
        <test-method status="PASS" signature="downloads(java.lang.String)[pri:0, instance:webautomation.Downloads@7e9a5fbe]" name="downloads" duration-ms="775700" started-at="2021-03-03T10:45:49Z" finished-at="2021-03-03T10:58:44Z">
          <params>
            <param index="0">
              <value>
                <![CDATA[Chrome]]>
              </value>
            </param>
          </params>
          <reporter-output>
          </reporter-output>
        </test-method> <!-- downloads -->
        <test-method status="PASS" signature="flush()[pri:0, instance:webautomation.Downloads@7e9a5fbe]" name="flush" is-config="true" duration-ms="414" started-at="2021-03-03T10:58:44Z" finished-at="2021-03-03T10:58:45Z">
          <reporter-output>
          </reporter-output>
        </test-method> <!-- flush -->
        <test-method status="PASS" signature="closeApplication()[pri:0, instance:webautomation.Downloads@7e9a5fbe]" name="closeApplication" is-config="true" duration-ms="313" started-at="2021-03-03T10:58:45Z" finished-at="2021-03-03T10:58:45Z">
          <reporter-output>
            <line>
              <![CDATA[===Session End===]]>
            </line>
          </reporter-output>
        </test-method> <!-- closeApplication -->
      </class> <!-- webautomation.Downloads -->
    </test> <!-- Testcases -->
  </suite> <!-- Suite -->
</testng-results>
